<?xml version="1.0" encoding="UTF-8"?>
<!-- Generated by org.testng.reporters.JUnitReportReporter -->
<testsuite skipped="0" hostname="Dell_Inspiron_15R_5521" name="testcases.FlightBookingTest" tests="1" failures="0" timestamp="30 Mar 2018 08:36:24 GMT" time="22.552" errors="0">
  <testcase name="testThatResultsAppearForAOneWayJourney" time="22.552" classname="testcases.FlightBookingTest"/>
</testsuite> <!-- testcases.FlightBookingTest -->
