<?xml version="1.0" encoding="UTF-8"?>
<!-- Generated by org.testng.reporters.JUnitReportReporter -->
<testsuite skipped="0" hostname="Dell_Inspiron_15R_5521" name="testcases.HotelBookingTest" tests="1" failures="0" timestamp="30 Mar 2018 07:32:33 GMT" time="38.061" errors="0">
  <testcase name="shouldBeAbleToSearchForHotels" time="38.061" classname="testcases.HotelBookingTest"/>
</testsuite> <!-- testcases.HotelBookingTest -->
