<?xml version="1.0" encoding="UTF-8"?>
<!-- Generated by org.testng.reporters.JUnitReportReporter -->
<testsuite skipped="0" hostname="Dell_Inspiron_15R_5521" name="testcases.SignInTest" tests="1" failures="0" timestamp="30 Mar 2018 07:02:41 GMT" time="57.682" errors="0">
  <testcase name="shouldThrowAnErrorIfSignInDetailsAreMissing" time="57.682" classname="testcases.SignInTest"/>
</testsuite> <!-- testcases.SignInTest -->
