<?xml version="1.0" encoding="UTF-8"?>
<!-- Generated by org.testng.reporters.JUnitReportReporter -->
<testsuite skipped="0" hostname="Dell_Inspiron_15R_5521" name="testcases.SignInTest" tests="1" failures="0" timestamp="30 Mar 2018 08:36:24 GMT" time="8.186" errors="0">
  <testcase name="shouldThrowAnErrorIfSignInDetailsAreMissing" time="8.186" classname="testcases.SignInTest"/>
</testsuite> <!-- testcases.SignInTest -->
